-- Building for: Visual Studio 17 2022
-- Selecting Windows SDK version 10.0.19041.0 to target Windows 10.0.19042.
-- The C compiler identification is MSVC 19.39.33519.0
-- The CXX compiler identification is MSVC 19.39.33519.0
-- Detecting C compiler ABI info
-- Detecting C compiler ABI info - done
-- Check for working C compiler: d:/programs/Microsoft Visual Studio/2022/Community/VC/Tools/MSVC/14.39.33519/bin/Hostx64/x64/cl.exe - skipped
-- Detecting C compile features
-- Detecting C compile features - done
-- Detecting CXX compiler ABI info
-- Detecting CXX compiler ABI info - done
-- Check for working CXX compiler: d:/programs/Microsoft Visual Studio/2022/Community/VC/Tools/MSVC/14.39.33519/bin/Hostx64/x64/cl.exe - skipped
-- Detecting CXX compile features
-- Detecting CXX compile features - done
-- Found Protobuf: D:/programs/vcpkg/installed/x64-windows/tools/protobuf/protoc.exe (found version "3.21.12.0") 
-- Performing Test CMAKE_HAVE_LIBC_PTHREAD
-- Performing Test CMAKE_HAVE_LIBC_PTHREAD - Failed
-- Looking for pthread_create in pthreads
-- Looking for pthread_create in pthreads - not found
-- Looking for pthread_create in pthread
-- Looking for pthread_create in pthread - not found
-- Found Threads: TRUE  
-- Found TIFF: optimized;D:/programs/vcpkg/installed/x64-windows/lib/tiff.lib;debug;D:/programs/vcpkg/installed/x64-windows/debug/lib/tiffd.lib (found version "4.5.0")  
-- Found HDF5: hdf5::hdf5-shared (found version "1.12.2")  
-- Found ZLIB: optimized;D:/programs/vcpkg/installed/x64-windows/lib/zlib.lib;debug;D:/programs/vcpkg/installed/x64-windows/debug/lib/zlibd.lib (found suitable version "1.2.13", minimum required is "1") 
-- Found JPEG: optimized;D:/programs/vcpkg/installed/x64-windows/lib/jpeg.lib;debug;D:/programs/vcpkg/installed/x64-windows/debug/lib/jpeg.lib (found version "62") 
-- Found ZLIB: optimized;D:/programs/vcpkg/installed/x64-windows/lib/zlib.lib;debug;D:/programs/vcpkg/installed/x64-windows/debug/lib/zlibd.lib (found version "1.2.13") 
-- Found PNG: optimized;D:/programs/vcpkg/installed/x64-windows/lib/libpng16.lib;debug;D:/programs/vcpkg/installed/x64-windows/debug/lib/libpng16d.lib (found version "1.6.39") 
-- Found GIF: optimized;D:/programs/vcpkg/installed/x64-windows/lib/gif.lib;debug;D:/programs/vcpkg/installed/x64-windows/debug/lib/gif.lib (found version "5.2.1") 
-- Found LibArchive: D:/programs/vcpkg/installed/x64-windows/debug/lib/archive.lib (found version "3.6.1") 
-- Found OpenCV: D:/programs/vcpkg/installed/x64-windows (found version "4.7.0") 
-- Configuring done
-- Generating done
-- Build files have been written to: D:/.dima/misis2023f-23-check/misis2024s-23-01-gabdrakhmanov-z-i/build.check
